2026-02-06 00:13:21 info: 获取账号信息
2026-02-06 00:13:21 info: 账号登录成功: 夸父9623
2026-02-06 00:21:06 info: 开始执行转存任务
2026-02-06 00:21:06 info: 账号登录成功: 夸父9623
2026-02-06 00:21:06 info: 解析分享链接成功: pwdId=89dc82246e97
2026-02-06 00:21:06 info: 获取stoken成功
2026-02-06 00:21:06 info: 获取文件列表成功，共 1 个文件
2026-02-06 00:21:07 warn: 请求失败: 404 https://drive-pc.quark.cn/1/clouddrive/file
2026-02-06 00:21:50 info: 开始执行转存任务
2026-02-06 00:21:51 info: 账号登录成功: 夸父9623
2026-02-06 00:21:51 info: 解析分享链接成功: pwdId=89dc82246e97
2026-02-06 00:21:51 info: 获取stoken成功
2026-02-06 00:21:51 info: 获取文件列表成功，共 1 个文件
2026-02-06 00:21:51 warn: 请求失败: 400 https://drive-pc.quark.cn/1/clouddrive/file
2026-02-06 00:22:35 info: 开始执行转存任务
2026-02-06 00:22:35 info: 账号登录成功: 夸父9623
2026-02-06 00:22:35 info: 解析分享链接成功: pwdId=89dc82246e97
2026-02-06 00:22:36 info: 获取stoken成功
2026-02-06 00:22:36 info: 获取文件列表成功，共 1 个文件
2026-02-06 00:22:36 warn: 请求失败: 404 https://drive-pc.quark.cn/1/clouddrive/file
2026-02-06 00:23:22 info: 开始执行转存任务
2026-02-06 00:23:23 info: 账号登录成功: 夸父9623
2026-02-06 00:23:23 info: 解析分享链接成功: pwdId=89dc82246e97
2026-02-06 00:23:23 info: 获取stoken成功
2026-02-06 00:23:23 info: 获取文件列表成功，共 1 个文件
2026-02-06 00:23:23 info: 获取保存路径ID成功: 0
2026-02-06 00:23:23 info: 开始转存第 1 批文件 (1个)
2026-02-06 00:23:24 info: 正在等待转存完成...
2026-02-06 00:23:25 info: 第 1 批文件转存完成
2026-02-06 12:04:05 info: 服务启动成功，监听端口 3000
2026-02-06 12:04:05 info: 转存API接口: POST http://localhost:3000/api/transfer
2026-02-06 12:04:05 info: 健康检查接口: GET http://localhost:3000/health
2026-02-06 12:35:09 info: 服务启动成功，监听端口 3000
2026-02-06 12:35:09 info: 转存API接口: POST http://localhost:3000/api/transfer
2026-02-06 12:35:09 info: 健康检查接口: GET http://localhost:3000/health
2026-02-06 12:35:13 info: [GET] /health
2026-02-06 13:08:11 info: [GET] /
2026-02-06 13:13:11 info: [GET] /
2026-02-06 13:38:46 info: [POST] /api/tranfer
2026-02-06 13:39:04 info: [POST] /api/transfer
2026-02-06 13:39:04 info: 开始执行转存任务
2026-02-06 13:39:05 info: 账号登录成功: 夸父9623
2026-02-06 13:39:05 info: 解析分享链接成功: pwdId=89dc82246e97
2026-02-06 13:39:05 info: 获取stoken成功
2026-02-06 13:39:05 info: 获取文件列表成功，共 1 个文件
2026-02-06 13:39:05 info: 获取保存路径ID成功: 0
2026-02-06 13:39:05 info: 开始转存第 1 批文件 (1个)
2026-02-06 13:39:05 info: 正在等待转存完成...
2026-02-06 13:39:06 info: 第 1 批文件转存完成
2026-02-06 13:39:06 info: 转存任务执行完成
2026-02-06 13:39:06 info: 成功转存 1 个文件
2026-02-06 13:40:29 info: [POST] /api/transfer
2026-02-06 13:40:29 info: 开始执行转存任务
2026-02-06 13:40:30 info: 账号登录成功: 夸父9623
2026-02-06 13:40:30 info: 解析分享链接成功: pwdId=89dc82246e97
2026-02-06 13:40:30 info: 获取stoken成功
2026-02-06 13:40:30 info: 获取文件列表成功，共 1 个文件
2026-02-06 13:40:30 info: 获取保存路径ID成功: 0
2026-02-06 13:40:30 info: 开始转存第 1 批文件 (1个)
2026-02-06 13:40:31 info: 正在等待转存完成...
2026-02-06 13:40:32 info: 第 1 批文件转存完成
2026-02-06 13:40:32 info: 转存任务执行完成
2026-02-06 13:40:32 info: 成功转存 1 个文件
2026-02-06 14:39:19 info: 服务启动成功，监听端口 3000
2026-02-06 14:39:19 info: 转存API接口: POST http://localhost:3000/api/transfer
2026-02-06 14:39:19 info: 健康检查接口: GET http://localhost:3000/health
2026-02-06 14:39:32 info: [POST] /api/transfer
2026-02-06 14:39:32 info: 开始执行转存任务
2026-02-06 14:39:33 info: 账号登录成功: 夸父9623
2026-02-06 14:39:33 info: 解析分享链接成功: pwdId=89dc82246e97
2026-02-06 14:39:33 info: 获取stoken成功
2026-02-06 14:39:33 info: 获取文件列表成功，共 1 个文件
2026-02-06 14:39:33 info: 获取保存路径ID成功: 0
2026-02-06 14:39:33 info: 开始转存第 1 批文件 (1个)
2026-02-06 14:39:33 info: 正在等待转存完成...
2026-02-06 14:39:35 info: 第 1 批文件转存完成
2026-02-06 14:39:35 info: 转存任务执行完成
2026-02-06 14:39:35 info: 成功转存 1 个文件
2026-02-06 14:39:35 info: 开始生成分享链接
2026-02-06 14:39:35 warn: 请求失败: 404 https://drive-pc.quark.cn/1/clouddrive/share/sharepage/create
2026-02-06 14:39:35 error: 生成分享链接失败: 创建分享链接失败: Request failed with status code 404
2026-02-06 14:39:35 error: 转存失败: 创建分享链接失败: Request failed with status code 404
2026-02-06 14:40:42 info: 服务启动成功，监听端口 3000
2026-02-06 14:40:42 info: 转存API接口: POST http://localhost:3000/api/transfer
2026-02-06 14:40:42 info: 健康检查接口: GET http://localhost:3000/health
2026-02-06 14:40:50 info: [POST] /api/transfer
2026-02-06 14:40:50 info: 开始执行转存任务
2026-02-06 14:40:51 info: 账号登录成功: 夸父9623
2026-02-06 14:40:51 info: 解析分享链接成功: pwdId=89dc82246e97
2026-02-06 14:40:51 info: 获取stoken成功
2026-02-06 14:40:51 info: 获取文件列表成功，共 1 个文件
2026-02-06 14:40:51 info: 获取保存路径ID成功: 0
2026-02-06 14:40:51 info: 开始转存第 1 批文件 (1个)
2026-02-06 14:40:52 info: 正在等待转存完成...
2026-02-06 14:40:53 info: 第 1 批文件转存完成
2026-02-06 14:40:53 info: 转存任务执行完成
2026-02-06 14:40:53 info: 成功转存 1 个文件
2026-02-06 14:40:53 info: 开始生成分享链接
2026-02-06 14:40:53 warn: 请求失败: 404 https://drive-pc.quark.cn/1/clouddrive/share/create
2026-02-06 14:40:53 error: 生成分享链接失败: 创建分享链接失败: Request failed with status code 404
2026-02-06 14:40:53 error: 转存失败: 创建分享链接失败: Request failed with status code 404
2026-02-06 14:41:08 info: [POST] /api/transfer
2026-02-06 14:41:08 info: 开始执行转存任务
2026-02-06 14:41:09 info: 账号登录成功: 夸父9623
2026-02-06 14:41:09 info: 解析分享链接成功: pwdId=89dc82246e97
2026-02-06 14:41:09 info: 获取stoken成功
2026-02-06 14:41:09 info: 获取文件列表成功，共 1 个文件
2026-02-06 14:41:09 info: 获取保存路径ID成功: 0
2026-02-06 14:41:09 info: 开始转存第 1 批文件 (1个)
2026-02-06 14:41:11 info: 第 1 批文件转存完成
2026-02-06 14:41:11 info: 转存任务执行完成
2026-02-06 14:41:11 info: 成功转存 1 个文件
2026-02-06 14:41:11 info: 开始生成分享链接
2026-02-06 14:41:11 warn: 请求失败: 404 https://drive-pc.quark.cn/1/clouddrive/share/create
2026-02-06 14:41:11 error: 生成分享链接失败: 创建分享链接失败: Request failed with status code 404
2026-02-06 14:41:11 error: 转存失败: 创建分享链接失败: Request failed with status code 404
2026-02-06 14:41:38 info: 服务启动成功，监听端口 3000
2026-02-06 14:41:38 info: 转存API接口: POST http://localhost:3000/api/transfer
2026-02-06 14:41:38 info: 健康检查接口: GET http://localhost:3000/health
2026-02-06 14:42:12 info: 服务启动成功，监听端口 3000
2026-02-06 14:42:12 info: 转存API接口: POST http://localhost:3000/api/transfer
2026-02-06 14:42:12 info: 健康检查接口: GET http://localhost:3000/health
2026-02-06 14:42:34 info: [POST] /api/transfer
2026-02-06 14:42:34 info: 开始执行转存任务
2026-02-06 14:42:35 info: 账号登录成功: 夸父9623
2026-02-06 14:42:35 info: 解析分享链接成功: pwdId=89dc82246e97
2026-02-06 14:42:35 info: 获取stoken成功
2026-02-06 14:42:35 info: 获取文件列表成功，共 1 个文件
2026-02-06 14:42:35 info: 获取保存路径ID成功: 0
2026-02-06 14:42:35 info: 开始转存第 1 批文件 (1个)
2026-02-06 14:42:35 info: 第 1 批文件转存完成
2026-02-06 14:42:35 info: 转存任务执行完成
2026-02-06 14:42:35 info: 成功转存 1 个文件
2026-02-06 14:42:35 info: 开始生成分享链接
2026-02-06 14:44:11 info: 服务启动成功，监听端口 3000
2026-02-06 14:44:11 info: 转存API接口: POST http://localhost:3000/api/transfer
2026-02-06 14:44:11 info: 健康检查接口: GET http://localhost:3000/health
2026-02-06 14:44:43 info: [POST] /api/transfer
2026-02-06 14:44:43 info: 开始执行转存任务
2026-02-06 14:44:44 info: 账号登录成功: 夸父9623
2026-02-06 14:44:44 info: 解析分享链接成功: pwdId=89dc82246e97
2026-02-06 14:44:45 info: 获取stoken成功
2026-02-06 14:44:45 info: 获取文件列表成功，共 1 个文件
2026-02-06 14:44:45 info: 获取保存路径ID成功: 0
2026-02-06 14:44:45 info: 开始转存第 1 批文件 (1个)
2026-02-06 14:44:45 info: 正在等待转存完成...
2026-02-06 14:44:46 info: 第 1 批文件转存完成
2026-02-06 14:44:46 info: 转存任务执行完成
2026-02-06 14:44:46 info: 成功转存 1 个文件
2026-02-06 14:44:46 info: 开始生成分享链接
2026-02-06 14:45:13 info: 成功生成 1 个分享链接
2026-02-06 14:46:12 info: [POST] /api/transfer
2026-02-06 14:46:12 info: 开始执行转存任务
2026-02-06 14:46:12 info: 账号登录成功: 夸父9623
2026-02-06 14:46:12 info: 解析分享链接成功: pwdId=89dc82246e97
2026-02-06 14:46:12 info: 获取stoken成功
2026-02-06 14:46:12 info: 获取文件列表成功，共 1 个文件
2026-02-06 14:46:12 info: 获取保存路径ID成功: 0
2026-02-06 14:46:12 info: 开始转存第 1 批文件 (1个)
2026-02-06 14:46:12 info: 正在等待转存完成...
2026-02-06 14:46:13 info: 第 1 批文件转存完成
2026-02-06 14:46:13 info: 转存任务执行完成
2026-02-06 14:46:13 info: 成功转存 1 个文件
2026-02-06 14:46:14 info: 开始生成分享链接
2026-02-06 15:21:12 info: 服务启动成功，监听端口 3000
2026-02-06 15:21:12 info: 转存API接口: POST http://localhost:3000/api/transfer
2026-02-06 15:21:12 info: 健康检查接口: GET http://localhost:3000/health
